<?xml version="1.0" encoding="UTF-8"?>
<testsuite name="com.example.refactoring.CalculatorTest" tests="1" skipped="0" failures="0" errors="0" timestamp="2025-04-29T12:15:04.165Z" hostname="DESKTOP-HJ488PD" time="0.027">
  <properties/>
  <testcase name="testCalculateResult()" classname="com.example.refactoring.CalculatorTest" time="0.027"/>
  <system-out><![CDATA[]]></system-out>
  <system-err><![CDATA[]]></system-err>
</testsuite>
